<?xml version="1.0" encoding="UTF-8"?>
<testng-results ignored="0" total="1" passed="1" failed="0" skipped="0">
  <reporter-output>
  </reporter-output>
  <suite started-at="2023-03-30T16:40:21 IST" name="Default suite" finished-at="2023-03-30T16:40:34 IST" duration-ms="13131">
    <groups>
    </groups>
    <test started-at="2023-03-30T16:40:21 IST" name="Default test" finished-at="2023-03-30T16:40:34 IST" duration-ms="13131">
      <class name="com.ust.test.FirstTest">
        <test-method signature="TesTGoogle()[pri:0, instance:com.ust.test.FirstTest@61df66b6]" started-at="2023-03-30T16:40:21 IST" name="TesTGoogle" finished-at="2023-03-30T16:40:34 IST" duration-ms="13055" status="PASS">
          <reporter-output>
          </reporter-output>
        </test-method> <!-- TesTGoogle -->
      </class> <!-- com.ust.test.FirstTest -->
    </test> <!-- Default test -->
  </suite> <!-- Default suite -->
</testng-results>
